{
"/Users/philkunz/github/pushrocks/npmts/test/assets/index.js":{"path":"/Users/philkunz/github/pushrocks/npmts/test/assets/index.js","s":{"1":1,"2":1,"3":1},"b":{},"f":{"1":1},"fnMap":{"1":{"name":"(anonymous_1)","line":5,"loc":{"start":{"line":5,"column":18},"end":{"line":5,"column":30}}}},"statementMap":{"1":{"start":{"line":4,"column":0},"end":{"line":8,"column":2}},"2":{"start":{"line":6,"column":8},"end":{"line":6,"column":46}},"3":{"start":{"line":9,"column":0},"end":{"line":9,"column":28}}},"branchMap":{},"l":{"4":1,"6":1,"9":1}}}
